<?xml version="1.0" encoding="UTF-8" ?>
<testsuite errors="1" failures="0" hostname="YOLO" name="NiceView.ws.test.NiceViewJUnitTest" skipped="0" tests="1" time="0.428" timestamp="2015-11-20T14:02:53">
  <properties>
[...]
</properties>
  <testcase classname="NiceView.ws.test.NiceViewJUnitTest" name="testGetHotels" time="0.36">
    <error message="The server sent HTTP status code 404: Not Found" type="com.sun.xml.internal.ws.client.ClientTransportException">com.sun.xml.internal.ws.client.ClientTransportException: The server sent HTTP status code 404: Not Found
	at com.sun.xml.internal.ws.transport.http.client.HttpTransportPipe.checkStatusCode(HttpTransportPipe.java:310)
	at com.sun.xml.internal.ws.transport.http.client.HttpTransportPipe.createResponsePacket(HttpTransportPipe.java:259)
	at com.sun.xml.internal.ws.transport.http.client.HttpTransportPipe.process(HttpTransportPipe.java:217)
	at com.sun.xml.internal.ws.transport.http.client.HttpTransportPipe.processRequest(HttpTransportPipe.java:130)
	at com.sun.xml.internal.ws.transport.DeferredTransportPipe.processRequest(DeferredTransportPipe.java:95)
	at com.sun.xml.internal.ws.api.pipe.Fiber.__doRun(Fiber.java:1121)
	at com.sun.xml.internal.ws.api.pipe.Fiber._doRun(Fiber.java:1035)
	at com.sun.xml.internal.ws.api.pipe.Fiber.doRun(Fiber.java:1004)
	at com.sun.xml.internal.ws.api.pipe.Fiber.runSync(Fiber.java:862)
	at com.sun.xml.internal.ws.client.Stub.process(Stub.java:448)
	at com.sun.xml.internal.ws.client.sei.SEIStub.doProcess(SEIStub.java:178)
	at com.sun.xml.internal.ws.client.sei.SyncMethodHandler.invoke(SyncMethodHandler.java:93)
	at com.sun.xml.internal.ws.client.sei.SyncMethodHandler.invoke(SyncMethodHandler.java:77)
	at com.sun.xml.internal.ws.client.sei.SEIStub.invoke(SEIStub.java:147)
	at com.sun.proxy.$Proxy34.getHotels(Unknown Source)
	at NiceView.ws.test.NiceViewJUnitTest.getHotels_1(NiceViewJUnitTest.java:72)
	at NiceView.ws.test.NiceViewJUnitTest.testGetHotels(NiceViewJUnitTest.java:46)
</error>
  </testcase>
  <system-out><![CDATA[]]></system-out>
  <system-err><![CDATA[]]></system-err>
</testsuite>
